C:\USERS\HECTOR MEDINA\PERFORCE\HMEDINA_GAM374\STUDENT\HMEDINA\SPRINT 7\P2 ENGINE\AZUL\LIB\AZULDEBUG.PDB
C:\USERS\HECTOR MEDINA\PERFORCE\HMEDINA_GAM374\STUDENT\HMEDINA\SPRINT 7\P2 ENGINE\AZUL\DEBUG\GRAPHICSOBJECT_COLORNOTEXTURE.OBJ
C:\USERS\HECTOR MEDINA\PERFORCE\HMEDINA_GAM374\STUDENT\HMEDINA\SPRINT 7\P2 ENGINE\AZUL\DEBUG\MOUSE.OBJ
C:\USERS\HECTOR MEDINA\PERFORCE\HMEDINA_GAM374\STUDENT\HMEDINA\SPRINT 7\P2 ENGINE\AZUL\DEBUG\SHADERMAN.OBJ
C:\USERS\HECTOR MEDINA\PERFORCE\HMEDINA_GAM374\STUDENT\HMEDINA\SPRINT 7\P2 ENGINE\AZUL\DEBUG\CAMERAMAN.OBJ
C:\USERS\HECTOR MEDINA\PERFORCE\HMEDINA_GAM374\STUDENT\HMEDINA\SPRINT 7\P2 ENGINE\AZUL\DEBUG\GRAPHICSOBJECT_FLATTEXTURE.OBJ
C:\USERS\HECTOR MEDINA\PERFORCE\HMEDINA_GAM374\STUDENT\HMEDINA\SPRINT 7\P2 ENGINE\AZUL\DEBUG\KEYBOARD.OBJ
C:\USERS\HECTOR MEDINA\PERFORCE\HMEDINA_GAM374\STUDENT\HMEDINA\SPRINT 7\P2 ENGINE\AZUL\DEBUG\RENDER_COLORNOTEXTURE.OBJ
C:\USERS\HECTOR MEDINA\PERFORCE\HMEDINA_GAM374\STUDENT\HMEDINA\SPRINT 7\P2 ENGINE\AZUL\DEBUG\GPUMODEL.OBJ
C:\USERS\HECTOR MEDINA\PERFORCE\HMEDINA_GAM374\STUDENT\HMEDINA\SPRINT 7\P2 ENGINE\AZUL\DEBUG\RENDERMAN.OBJ
C:\USERS\HECTOR MEDINA\PERFORCE\HMEDINA_GAM374\STUDENT\HMEDINA\SPRINT 7\P2 ENGINE\AZUL\DEBUG\USERINTERFACE.OBJ
C:\USERS\HECTOR MEDINA\PERFORCE\HMEDINA_GAM374\STUDENT\HMEDINA\SPRINT 7\P2 ENGINE\AZUL\DEBUG\GRAPHICSOBJECT.OBJ
C:\USERS\HECTOR MEDINA\PERFORCE\HMEDINA_GAM374\STUDENT\HMEDINA\SPRINT 7\P2 ENGINE\AZUL\DEBUG\RENDERMATERIAL.OBJ
C:\USERS\HECTOR MEDINA\PERFORCE\HMEDINA_GAM374\STUDENT\HMEDINA\SPRINT 7\P2 ENGINE\AZUL\DEBUG\GPUTEXTURE.OBJ
C:\USERS\HECTOR MEDINA\PERFORCE\HMEDINA_GAM374\STUDENT\HMEDINA\SPRINT 7\P2 ENGINE\AZUL\DEBUG\ENGINE.OBJ
C:\USERS\HECTOR MEDINA\PERFORCE\HMEDINA_GAM374\STUDENT\HMEDINA\SPRINT 7\P2 ENGINE\AZUL\DEBUG\INPUTMAN.OBJ
C:\USERS\HECTOR MEDINA\PERFORCE\HMEDINA_GAM374\STUDENT\HMEDINA\SPRINT 7\P2 ENGINE\AZUL\DEBUG\RENDER_WIREFRAME.OBJ
C:\USERS\HECTOR MEDINA\PERFORCE\HMEDINA_GAM374\STUDENT\HMEDINA\SPRINT 7\P2 ENGINE\AZUL\DEBUG\CAMERA.OBJ
C:\USERS\HECTOR MEDINA\PERFORCE\HMEDINA_GAM374\STUDENT\HMEDINA\SPRINT 7\P2 ENGINE\AZUL\DEBUG\GRAPHICSOBJECT_WIREFRAME.OBJ
C:\USERS\HECTOR MEDINA\PERFORCE\HMEDINA_GAM374\STUDENT\HMEDINA\SPRINT 7\P2 ENGINE\AZUL\DEBUG\RENDER_FLATTEXTURE.OBJ
C:\USERS\HECTOR MEDINA\PERFORCE\HMEDINA_GAM374\STUDENT\HMEDINA\SPRINT 7\P2 ENGINE\AZUL\LIB\AZULDEBUG.LIB
C:\Users\Hector Medina\Perforce\HMedina_gam374\student\hmedina\Sprint 7\P2 Engine\Azul\Debug\BoxModel.obj
C:\Users\Hector Medina\Perforce\HMedina_gam374\student\hmedina\Sprint 7\P2 Engine\Azul\Debug\Camera.obj
C:\Users\Hector Medina\Perforce\HMedina_gam374\student\hmedina\Sprint 7\P2 Engine\Azul\Debug\CameraMan.obj
C:\Users\Hector Medina\Perforce\HMedina_gam374\student\hmedina\Sprint 7\P2 Engine\Azul\Debug\Engine.obj
C:\Users\Hector Medina\Perforce\HMedina_gam374\student\hmedina\Sprint 7\P2 Engine\Azul\Debug\GpuModel.obj
C:\Users\Hector Medina\Perforce\HMedina_gam374\student\hmedina\Sprint 7\P2 Engine\Azul\Debug\GpuTexture.obj
C:\Users\Hector Medina\Perforce\HMedina_gam374\student\hmedina\Sprint 7\P2 Engine\Azul\Debug\GraphicsObject.obj
C:\Users\Hector Medina\Perforce\HMedina_gam374\student\hmedina\Sprint 7\P2 Engine\Azul\Debug\GraphicsObject_ColorNoTexture.obj
C:\Users\Hector Medina\Perforce\HMedina_gam374\student\hmedina\Sprint 7\P2 Engine\Azul\Debug\GraphicsObject_FlatTexture.obj
C:\Users\Hector Medina\Perforce\HMedina_gam374\student\hmedina\Sprint 7\P2 Engine\Azul\Debug\GraphicsObject_WireFrame.obj
C:\Users\Hector Medina\Perforce\HMedina_gam374\student\hmedina\Sprint 7\P2 Engine\Azul\Debug\InputMan.obj
C:\Users\Hector Medina\Perforce\HMedina_gam374\student\hmedina\Sprint 7\P2 Engine\Azul\Debug\Keyboard.obj
C:\Users\Hector Medina\Perforce\HMedina_gam374\student\hmedina\Sprint 7\P2 Engine\Azul\Debug\Mouse.obj
C:\Users\Hector Medina\Perforce\HMedina_gam374\student\hmedina\Sprint 7\P2 Engine\Azul\Debug\PyramidCreateModel.obj
C:\Users\Hector Medina\Perforce\HMedina_gam374\student\hmedina\Sprint 7\P2 Engine\Azul\Debug\RenderMan.obj
C:\Users\Hector Medina\Perforce\HMedina_gam374\student\hmedina\Sprint 7\P2 Engine\Azul\Debug\RenderMaterial.obj
C:\Users\Hector Medina\Perforce\HMedina_gam374\student\hmedina\Sprint 7\P2 Engine\Azul\Debug\Render_ColorNoTexture.obj
C:\Users\Hector Medina\Perforce\HMedina_gam374\student\hmedina\Sprint 7\P2 Engine\Azul\Debug\Render_FlatTexture.obj
C:\Users\Hector Medina\Perforce\HMedina_gam374\student\hmedina\Sprint 7\P2 Engine\Azul\Debug\Render_WireFrame.obj
C:\Users\Hector Medina\Perforce\HMedina_gam374\student\hmedina\Sprint 7\P2 Engine\Azul\Debug\ShaderMan.obj
C:\Users\Hector Medina\Perforce\HMedina_gam374\student\hmedina\Sprint 7\P2 Engine\Azul\Debug\SphereModel.obj
C:\Users\Hector Medina\Perforce\HMedina_gam374\student\hmedina\Sprint 7\P2 Engine\Azul\Debug\UserInterface.obj
C:\Users\Hector Medina\Perforce\HMedina_gam374\student\hmedina\Sprint 7\P2 Engine\Azul\Debug\CL.45992.read.1.tlog
C:\Users\Hector Medina\Perforce\HMedina_gam374\student\hmedina\Sprint 7\P2 Engine\Azul\Debug\CL.45992.write.1.tlog
C:\Users\Hector Medina\Perforce\HMedina_gam374\student\hmedina\Sprint 7\P2 Engine\Azul\Debug\CL.46064.read.1.tlog
C:\Users\Hector Medina\Perforce\HMedina_gam374\student\hmedina\Sprint 7\P2 Engine\Azul\Debug\CL.46064.write.1.tlog
C:\Users\Hector Medina\Perforce\HMedina_gam374\student\hmedina\Sprint 7\P2 Engine\Azul\Debug\CL.51380.read.1.tlog
C:\Users\Hector Medina\Perforce\HMedina_gam374\student\hmedina\Sprint 7\P2 Engine\Azul\Debug\CL.51380.write.1.tlog
C:\Users\Hector Medina\Perforce\HMedina_gam374\student\hmedina\Sprint 7\P2 Engine\Azul\Debug\CL.51572.read.1.tlog
C:\Users\Hector Medina\Perforce\HMedina_gam374\student\hmedina\Sprint 7\P2 Engine\Azul\Debug\CL.51572.write.1.tlog
C:\Users\Hector Medina\Perforce\HMedina_gam374\student\hmedina\Sprint 7\P2 Engine\Azul\Debug\CL.51716.read.1.tlog
C:\Users\Hector Medina\Perforce\HMedina_gam374\student\hmedina\Sprint 7\P2 Engine\Azul\Debug\CL.51716.write.1.tlog
C:\Users\Hector Medina\Perforce\HMedina_gam374\student\hmedina\Sprint 7\P2 Engine\Azul\Debug\CL.51820.read.1.tlog
C:\Users\Hector Medina\Perforce\HMedina_gam374\student\hmedina\Sprint 7\P2 Engine\Azul\Debug\CL.51820.write.1.tlog
C:\Users\Hector Medina\Perforce\HMedina_gam374\student\hmedina\Sprint 7\P2 Engine\Azul\Debug\CL.52112.read.1.tlog
C:\Users\Hector Medina\Perforce\HMedina_gam374\student\hmedina\Sprint 7\P2 Engine\Azul\Debug\CL.52112.write.1.tlog
C:\Users\Hector Medina\Perforce\HMedina_gam374\student\hmedina\Sprint 7\P2 Engine\Azul\Debug\CL.52196.read.1.tlog
C:\Users\Hector Medina\Perforce\HMedina_gam374\student\hmedina\Sprint 7\P2 Engine\Azul\Debug\CL.52196.write.1.tlog
C:\Users\Hector Medina\Perforce\HMedina_gam374\student\hmedina\Sprint 7\P2 Engine\Azul\Debug\CL.52200.read.1.tlog
C:\Users\Hector Medina\Perforce\HMedina_gam374\student\hmedina\Sprint 7\P2 Engine\Azul\Debug\CL.52200.write.1.tlog
C:\Users\Hector Medina\Perforce\HMedina_gam374\student\hmedina\Sprint 7\P2 Engine\Azul\Debug\cl.command.1.tlog
C:\Users\Hector Medina\Perforce\HMedina_gam374\student\hmedina\Sprint 7\P2 Engine\Azul\Debug\CL.read.1.tlog
C:\Users\Hector Medina\Perforce\HMedina_gam374\student\hmedina\Sprint 7\P2 Engine\Azul\Debug\cl.write.1.tlog
C:\Users\Hector Medina\Perforce\HMedina_gam374\student\hmedina\Sprint 7\P2 Engine\Azul\Debug\Lib-link.read.1.tlog
C:\Users\Hector Medina\Perforce\HMedina_gam374\student\hmedina\Sprint 7\P2 Engine\Azul\Debug\Lib-link.write.1.tlog
C:\Users\Hector Medina\Perforce\HMedina_gam374\student\hmedina\Sprint 7\P2 Engine\Azul\Debug\lib.command.1.tlog
C:\Users\Hector Medina\Perforce\HMedina_gam374\student\hmedina\Sprint 7\P2 Engine\Azul\lib\AzulDebug.pdb
C:\Users\Hector Medina\Perforce\HMedina_gam374\student\hmedina\Sprint 7\P2 Engine\Azul\lib\AzulDebug.lib
